This file contains any messages produced by compilers while
running configure, to aid debugging if configure makes a mistake.

It was created by Floater configure 1.4.15, which was
generated by GNU Autoconf 2.61.  Invocation command line was

  $ ./configure 

## --------- ##
## Platform. ##
## --------- ##

hostname = camoc0025
uname -m = i686
uname -r = 2.6.16.27-0.9-smp
uname -s = Linux
uname -v = #1 SMP Tue Feb 13 09:35:18 UTC 2007

/usr/bin/uname -p = unknown
/bin/uname -X     = unknown

/bin/arch              = i686
/usr/bin/arch -k       = unknown
/usr/convex/getsysinfo = unknown
/usr/bin/hostinfo      = unknown
/bin/machine           = unknown
/usr/bin/oslevel       = unknown
/bin/universe          = unknown

PATH: /local/scratch/usr/local/bin
PATH: /usr/local/bin
PATH: /usr/bin
PATH: /usr/X11R6/bin
PATH: /bin
PATH: /var/lib/dosemu
PATH: /usr/games
PATH: /opt/bin
PATH: /opt/gnome/bin
PATH: /opt/kde3/bin
PATH: /opt/kde2/bin
PATH: /opt/kde/bin
PATH: /usr/openwin/bin
PATH: /opt/cross/bin
PATH: /usr/bin/X11
PATH: /usr/lib/mit/bin
PATH: /usr/lib/mit/sbin
PATH: /pub/linux/noarch/bin
PATH: /pub/linux/i386/nodist/java/bin
PATH: /opt/rational/clearcase/bin
PATH: /opt/novell/iprint/bin
PATH: /usr/lib/qt3/bin
PATH: /local/scratch/usr/local/bin
PATH: /usr/local/bin
PATH: /usr/bin
PATH: /usr/X11R6/bin
PATH: /bin
PATH: /var/lib/dosemu
PATH: /usr/games
PATH: /opt/bin
PATH: /opt/gnome/bin
PATH: /opt/kde3/bin
PATH: /opt/kde2/bin
PATH: /opt/kde/bin
PATH: /usr/openwin/bin
PATH: /opt/cross/bin
PATH: /usr/bin/X11
PATH: /usr/lib/mit/bin
PATH: /usr/lib/mit/sbin
PATH: /pub/linux/noarch/bin
PATH: /pub/linux/i386/nodist/java/bin
PATH: /opt/rational/clearcase/bin
PATH: /opt/novell/iprint/bin
PATH: /usr/lib/qt3/bin
PATH: /local/scratch/usr/local/bin
PATH: /usr/local/bin
PATH: /usr/bin
PATH: /usr/X11R6/bin
PATH: /bin
PATH: /var/lib/dosemu
PATH: /usr/games
PATH: /opt/bin
PATH: /opt/gnome/bin
PATH: /opt/kde3/bin
PATH: /opt/kde2/bin
PATH: /opt/kde/bin
PATH: /usr/openwin/bin
PATH: /opt/cross/bin
PATH: /usr/bin/X11
PATH: /usr/lib/mit/bin
PATH: /usr/lib/mit/sbin
PATH: /pub/linux/noarch/bin
PATH: /pub/linux/i386/nodist/java/bin
PATH: /opt/rational/clearcase/bin
PATH: /opt/novell/iprint/bin
PATH: /usr/lib/qt3/bin
PATH: /usr/local/bin
PATH: /usr/bin
PATH: /usr/X11R6/bin
PATH: /bin
PATH: /var/lib/dosemu
PATH: /usr/games
PATH: /opt/bin
PATH: /opt/gnome/bin
PATH: /opt/kde3/bin
PATH: /opt/kde2/bin
PATH: /opt/kde/bin
PATH: /usr/openwin/bin
PATH: /opt/cross/bin
PATH: /home/lmcyisu/bin
PATH: /usr/bin/X11
PATH: /usr/lib/mit/bin
PATH: /usr/lib/mit/sbin
PATH: /pub/linux/noarch/bin
PATH: /pub/linux/i386/nodist/java/bin
PATH: /opt/rational/clearcase/bin
PATH: /opt/novell/iprint/bin
PATH: /usr/lib/qt3/bin


## ----------- ##
## Core tests. ##
## ----------- ##

configure:1783: checking build system type
configure:1801: result: i686-pc-linux-gnu
configure:1823: checking host system type
configure:1838: result: i686-pc-linux-gnu
configure:1860: checking target system type
configure:1875: result: i686-pc-linux-gnu
configure:2031: checking for gcc
configure:2047: found /usr/local/bin/gcc
configure:2058: result: gcc
configure:2296: checking for C compiler version
configure:2303: gcc --version >&5
gcc (GCC) 4.1.0 (SUSE Linux)
Copyright (C) 2006 Free Software Foundation, Inc.
This is free software; see the source for copying conditions.  There is NO
warranty; not even for MERCHANTABILITY or FITNESS FOR A PARTICULAR PURPOSE.

configure:2306: $? = 0
configure:2313: gcc -v >&5
Using built-in specs.
Target: i586-suse-linux
Configured with: ../configure --enable-threads=posix --prefix=/usr --with-local-prefix=/usr/local --infodir=/usr/share/info --mandir=/usr/share/man --libdir=/usr/lib --libexecdir=/usr/lib --enable-languages=c,c++,objc,fortran,java,ada --enable-checking=release --with-gxx-include-dir=/usr/include/c++/4.1.0 --enable-ssp --disable-libssp --enable-java-awt=gtk --enable-gtk-cairo --disable-libjava-multilib --with-slibdir=/lib --with-system-zlib --enable-shared --enable-__cxa_atexit --enable-libstdcxx-allocator=new --without-system-libunwind --with-cpu=generic --host=i586-suse-linux
Thread model: posix
gcc version 4.1.0 (SUSE Linux)
configure:2316: $? = 0
configure:2323: gcc -V >&5
gcc: '-V' option must have argument
configure:2326: $? = 1
configure:2349: checking for C compiler default output file name
configure:2376: gcc    conftest.c  >&5
configure:2379: $? = 0
configure:2417: result: a.out
configure:2434: checking whether the C compiler works
configure:2444: ./a.out
configure:2447: $? = 0
configure:2464: result: yes
configure:2471: checking whether we are cross compiling
configure:2473: result: no
configure:2476: checking for suffix of executables
configure:2483: gcc -o conftest    conftest.c  >&5
configure:2486: $? = 0
configure:2510: result: 
configure:2516: checking for suffix of object files
configure:2542: gcc -c   conftest.c >&5
configure:2545: $? = 0
configure:2568: result: o
configure:2572: checking whether we are using the GNU C compiler
configure:2601: gcc -c   conftest.c >&5
configure:2607: $? = 0
configure:2624: result: yes
configure:2629: checking whether gcc accepts -g
configure:2659: gcc -c -g  conftest.c >&5
configure:2665: $? = 0
configure:2764: result: yes
configure:2781: checking for gcc option to accept ISO C89
configure:2855: gcc  -c -g -O2  conftest.c >&5
configure:2861: $? = 0
configure:2884: result: none needed
configure:2907: checking how to run the C preprocessor
configure:2947: gcc -E  conftest.c
configure:2953: $? = 0
configure:2984: gcc -E  conftest.c
conftest.c:8:28: error: ac_nonexistent.h: No such file or directory
configure:2990: $? = 1
configure: failed program was:
| /* confdefs.h.  */
| #define PACKAGE_NAME "Floater"
| #define PACKAGE_TARNAME "floater"
| #define PACKAGE_VERSION "1.4.15"
| #define PACKAGE_STRING "Floater 1.4.15"
| #define PACKAGE_BUGREPORT ""
| /* end confdefs.h.  */
| #include <ac_nonexistent.h>
configure:3023: result: gcc -E
configure:3052: gcc -E  conftest.c
configure:3058: $? = 0
configure:3089: gcc -E  conftest.c
conftest.c:8:28: error: ac_nonexistent.h: No such file or directory
configure:3095: $? = 1
configure: failed program was:
| /* confdefs.h.  */
| #define PACKAGE_NAME "Floater"
| #define PACKAGE_TARNAME "floater"
| #define PACKAGE_VERSION "1.4.15"
| #define PACKAGE_STRING "Floater 1.4.15"
| #define PACKAGE_BUGREPORT ""
| /* end confdefs.h.  */
| #include <ac_nonexistent.h>
configure:3145: checking for a BSD-compatible install
configure:3201: result: /usr/bin/install -c
configure:3326: checking for grep that handles long lines and -e
configure:3400: result: /usr/bin/grep
configure:3405: checking for egrep
configure:3483: result: /usr/bin/grep -E
configure:3488: checking for ANSI C header files
configure:3518: gcc -c -g -O2  conftest.c >&5
configure:3524: $? = 0
configure:3623: gcc -o conftest -g -O2   conftest.c  >&5
configure:3626: $? = 0
configure:3632: ./conftest
configure:3635: $? = 0
configure:3652: result: yes
configure:3676: checking for sys/types.h
configure:3697: gcc -c -g -O2  conftest.c >&5
configure:3703: $? = 0
configure:3719: result: yes
configure:3676: checking for sys/stat.h
configure:3697: gcc -c -g -O2  conftest.c >&5
configure:3703: $? = 0
configure:3719: result: yes
configure:3676: checking for stdlib.h
configure:3697: gcc -c -g -O2  conftest.c >&5
configure:3703: $? = 0
configure:3719: result: yes
configure:3676: checking for string.h
configure:3697: gcc -c -g -O2  conftest.c >&5
configure:3703: $? = 0
configure:3719: result: yes
configure:3676: checking for memory.h
configure:3697: gcc -c -g -O2  conftest.c >&5
configure:3703: $? = 0
configure:3719: result: yes
configure:3676: checking for strings.h
configure:3697: gcc -c -g -O2  conftest.c >&5
configure:3703: $? = 0
configure:3719: result: yes
configure:3676: checking for inttypes.h
configure:3697: gcc -c -g -O2  conftest.c >&5
configure:3703: $? = 0
configure:3719: result: yes
configure:3676: checking for stdint.h
configure:3697: gcc -c -g -O2  conftest.c >&5
configure:3703: $? = 0
configure:3719: result: yes
configure:3676: checking for unistd.h
configure:3697: gcc -c -g -O2  conftest.c >&5
configure:3703: $? = 0
configure:3719: result: yes
configure:3738: checking for stdlib.h
configure:3744: result: yes
configure:3748: checking malloc.h usability
configure:3765: gcc -c -g -O2  conftest.c >&5
configure:3771: $? = 0
configure:3785: result: yes
configure:3789: checking malloc.h presence
configure:3804: gcc -E  conftest.c
configure:3810: $? = 0
configure:3824: result: yes
configure:3852: checking for malloc.h
configure:3860: result: yes
configure:3738: checking for string.h
configure:3744: result: yes
configure:3877: checking for random
configure:3900: gcc -o conftest -g -O2   conftest.c  >&5
configure:3906: $? = 0
configure:3923: result: yes
configure:3940: checking for main in -lXbsd
configure:3969: gcc -o conftest -g -O2   conftest.c -lXbsd   >&5
/usr/lib/gcc/i586-suse-linux/4.1.0/../../../../i586-suse-linux/bin/ld: cannot find -lXbsd
collect2: ld returned 1 exit status
configure:3975: $? = 1
configure: failed program was:
| /* confdefs.h.  */
| #define PACKAGE_NAME "Floater"
| #define PACKAGE_TARNAME "floater"
| #define PACKAGE_VERSION "1.4.15"
| #define PACKAGE_STRING "Floater 1.4.15"
| #define PACKAGE_BUGREPORT ""
| #define STDC_HEADERS 1
| #define HAVE_SYS_TYPES_H 1
| #define HAVE_SYS_STAT_H 1
| #define HAVE_STDLIB_H 1
| #define HAVE_STRING_H 1
| #define HAVE_MEMORY_H 1
| #define HAVE_STRINGS_H 1
| #define HAVE_INTTYPES_H 1
| #define HAVE_STDINT_H 1
| #define HAVE_UNISTD_H 1
| #define HAVE_STDLIB_H 1
| #define HAVE_MALLOC_H 1
| #define HAVE_STRING_H 1
| /* end confdefs.h.  */
| 
| 
| int
| main ()
| {
| return main ();
|   ;
|   return 0;
| }
configure:3993: result: no
configure:4000: checking for main in -lsocket
configure:4029: gcc -o conftest -g -O2   conftest.c -lsocket   >&5
/usr/lib/gcc/i586-suse-linux/4.1.0/../../../../i586-suse-linux/bin/ld: cannot find -lsocket
collect2: ld returned 1 exit status
configure:4035: $? = 1
configure: failed program was:
| /* confdefs.h.  */
| #define PACKAGE_NAME "Floater"
| #define PACKAGE_TARNAME "floater"
| #define PACKAGE_VERSION "1.4.15"
| #define PACKAGE_STRING "Floater 1.4.15"
| #define PACKAGE_BUGREPORT ""
| #define STDC_HEADERS 1
| #define HAVE_SYS_TYPES_H 1
| #define HAVE_SYS_STAT_H 1
| #define HAVE_STDLIB_H 1
| #define HAVE_STRING_H 1
| #define HAVE_MEMORY_H 1
| #define HAVE_STRINGS_H 1
| #define HAVE_INTTYPES_H 1
| #define HAVE_STDINT_H 1
| #define HAVE_UNISTD_H 1
| #define HAVE_STDLIB_H 1
| #define HAVE_MALLOC_H 1
| #define HAVE_STRING_H 1
| /* end confdefs.h.  */
| 
| 
| int
| main ()
| {
| return main ();
|   ;
|   return 0;
| }
configure:4053: result: no
configure:4060: checking for main in -lnsl
configure:4089: gcc -o conftest -g -O2   conftest.c -lnsl   >&5
configure:4095: $? = 0
configure:4113: result: yes
configure:4120: checking for main in -ldnet_stub
configure:4149: gcc -o conftest -g -O2   conftest.c -ldnet_stub   >&5
/usr/lib/gcc/i586-suse-linux/4.1.0/../../../../i586-suse-linux/bin/ld: cannot find -ldnet_stub
collect2: ld returned 1 exit status
configure:4155: $? = 1
configure: failed program was:
| /* confdefs.h.  */
| #define PACKAGE_NAME "Floater"
| #define PACKAGE_TARNAME "floater"
| #define PACKAGE_VERSION "1.4.15"
| #define PACKAGE_STRING "Floater 1.4.15"
| #define PACKAGE_BUGREPORT ""
| #define STDC_HEADERS 1
| #define HAVE_SYS_TYPES_H 1
| #define HAVE_SYS_STAT_H 1
| #define HAVE_STDLIB_H 1
| #define HAVE_STRING_H 1
| #define HAVE_MEMORY_H 1
| #define HAVE_STRINGS_H 1
| #define HAVE_INTTYPES_H 1
| #define HAVE_STDINT_H 1
| #define HAVE_UNISTD_H 1
| #define HAVE_STDLIB_H 1
| #define HAVE_MALLOC_H 1
| #define HAVE_STRING_H 1
| /* end confdefs.h.  */
| 
| 
| int
| main ()
| {
| return main ();
|   ;
|   return 0;
| }
configure:4173: result: no
configure:4252: checking curses.h usability
configure:4269: gcc -c -g -O2  conftest.c >&5
configure:4275: $? = 0
configure:4289: result: yes
configure:4293: checking curses.h presence
configure:4308: gcc -E  conftest.c
configure:4314: $? = 0
configure:4328: result: yes
configure:4356: checking for curses.h
configure:4363: result: yes
configure:4382: checking for initscr in -lncurses
configure:4417: gcc -o conftest -g -O2   conftest.c -lncurses   >&5
configure:4423: $? = 0
configure:4441: result: yes
configure:4776: checking for X
configure:5011: result: libraries /usr/X11R6/lib, headers /usr/X11R6/include
configure:5045: checking for tcl.h
configure:5090: result: version 8.4 in /usr/include
configure:5100: checking for Tcl_Init in -ltcl8.4
configure:5135: gcc -o conftest -g -O2   conftest.c -ltcl8.4   >&5
configure:5141: $? = 0
configure:5160: result: yes
configure:5168: checking for libtcl
configure:5202: result: /usr/X11R6/lib/libtcl8.4
configure:5227: checking for tk.h
configure:5257: result: -I/usr/include
configure:5266: checking for Tk_Init in -ltk8.4
configure:5301: gcc -o conftest -g -O2   conftest.c -ltk8.4   >&5
configure:5307: $? = 0
configure:5326: result: yes
configure:5334: checking for libtk
configure:5369: result: /usr/X11R6/lib/libtk8.4
configure:5393: checking for dlopen in -ldl
configure:5428: gcc -o conftest -g -O2   conftest.c -ldl   >&5
configure:5434: $? = 0
configure:5452: result: yes
configure:5648: creating ./config.status

## ---------------------- ##
## Running config.status. ##
## ---------------------- ##

This file was extended by Floater config.status 1.4.15, which was
generated by GNU Autoconf 2.61.  Invocation command line was

  CONFIG_FILES    = 
  CONFIG_HEADERS  = 
  CONFIG_LINKS    = 
  CONFIG_COMMANDS = 
  $ ./config.status 

on camoc0025

config.status:612: creating Jamsettings

## ---------------- ##
## Cache variables. ##
## ---------------- ##

ac_cv_build=i686-pc-linux-gnu
ac_cv_c_compiler_gnu=yes
ac_cv_env_CC_set=
ac_cv_env_CC_value=
ac_cv_env_CFLAGS_set=
ac_cv_env_CFLAGS_value=
ac_cv_env_CPPFLAGS_set=
ac_cv_env_CPPFLAGS_value=
ac_cv_env_CPP_set=
ac_cv_env_CPP_value=
ac_cv_env_LDFLAGS_set=
ac_cv_env_LDFLAGS_value=
ac_cv_env_LIBS_set=
ac_cv_env_LIBS_value=
ac_cv_env_XMKMF_set=
ac_cv_env_XMKMF_value=
ac_cv_env_build_alias_set=
ac_cv_env_build_alias_value=
ac_cv_env_host_alias_set=
ac_cv_env_host_alias_value=
ac_cv_env_target_alias_set=
ac_cv_env_target_alias_value=
ac_cv_have_x='have_x=yes	ac_x_includes='\''/usr/X11R6/include'\''	ac_x_libraries='\''/usr/X11R6/lib'\'''
ac_cv_header_curses_h=yes
ac_cv_header_inttypes_h=yes
ac_cv_header_malloc_h=yes
ac_cv_header_memory_h=yes
ac_cv_header_stdc=yes
ac_cv_header_stdint_h=yes
ac_cv_header_stdlib_h=yes
ac_cv_header_string_h=yes
ac_cv_header_strings_h=yes
ac_cv_header_sys_stat_h=yes
ac_cv_header_sys_types_h=yes
ac_cv_header_unistd_h=yes
ac_cv_host=i686-pc-linux-gnu
ac_cv_lib_Xbsd=ac_cv_lib_Xbsd_main
ac_cv_lib_Xbsd_main=no
ac_cv_lib_dl_dlopen=yes
ac_cv_lib_dnet_stub=ac_cv_lib_dnet_stub_main
ac_cv_lib_dnet_stub_main=no
ac_cv_lib_ncurses_initscr=yes
ac_cv_lib_nsl=ac_cv_lib_nsl_main
ac_cv_lib_nsl_main=yes
ac_cv_lib_socket=ac_cv_lib_socket_main
ac_cv_lib_socket_main=no
ac_cv_lib_tcl8_4___Tcl_Init=yes
ac_cv_lib_tk8_4___Tk_Init=yes
ac_cv_objext=o
ac_cv_path_EGREP='/usr/bin/grep -E'
ac_cv_path_GREP=/usr/bin/grep
ac_cv_path_install='/usr/bin/install -c'
ac_cv_prog_CPP='gcc -E'
ac_cv_prog_ac_ct_CC=gcc
ac_cv_prog_cc_c89=
ac_cv_prog_cc_g=yes
ac_cv_target=i686-pc-linux-gnu

## ----------------- ##
## Output variables. ##
## ----------------- ##

CC='gcc'
CFLAGS='-g -O2'
CPP='gcc -E'
CPPFLAGS=''
CURSES_INCLUDES=''
CURSES_LIB='-lncurses'
DEFS='-DPACKAGE_NAME=\"Floater\" -DPACKAGE_TARNAME=\"floater\" -DPACKAGE_VERSION=\"1.4.15\" -DPACKAGE_STRING=\"Floater\ 1.4.15\" -DPACKAGE_BUGREPORT=\"\" -DSTDC_HEADERS=1 -DHAVE_SYS_TYPES_H=1 -DHAVE_SYS_STAT_H=1 -DHAVE_STDLIB_H=1 -DHAVE_STRING_H=1 -DHAVE_MEMORY_H=1 -DHAVE_STRINGS_H=1 -DHAVE_INTTYPES_H=1 -DHAVE_STDINT_H=1 -DHAVE_UNISTD_H=1 -DHAVE_STDLIB_H=1 -DHAVE_MALLOC_H=1 -DHAVE_STRING_H=1'
ECHO_C=''
ECHO_N='-n'
ECHO_T=''
EGREP='/usr/bin/grep -E'
ENABLE_SERVER='no'
EXEEXT=''
EXTRA_LIBS=' -lnsl -ldl'
FLOATER_PLATFORM_OBJS=''
FLOATER_SRC_DIR='/local/scratch/floater-1.4.15'
GREP='/usr/bin/grep'
INSTALL_DATA='${INSTALL} -m 644'
INSTALL_PROGRAM='${INSTALL}'
INSTALL_SCRIPT='${INSTALL}'
LDFLAGS=''
LD_FLAGS=''
LIBOBJS=''
LIBS=''
LTLIBOBJS=''
OBJEXT='o'
OPTION_SWITCHES='-DTCL_IN_C=1 -DUSER_TCL=1 -DBEEPONJOIN'
PACKAGE_BUGREPORT=''
PACKAGE_NAME='Floater'
PACKAGE_STRING='Floater 1.4.15'
PACKAGE_TARNAME='floater'
PACKAGE_VERSION='1.4.15'
PATH_SEPARATOR=':'
SHELL='/bin/sh'
TCL_INCLUDES='-I/usr/include'
TCL_LIB='-ltcl8.4'
TK_INCLUDES='-I/usr/include'
TK_LIB='-ltk8.4'
VERSION='1.4.15'
WINDRES=''
XMKMF=''
X_INCLUDES='-I/usr/X11R6/include'
X_LIB='-L/usr/X11R6/lib -lX11'
ac_ct_CC='gcc'
bindir='${exec_prefix}/bin'
build='i686-pc-linux-gnu'
build_alias=''
build_cpu='i686'
build_os='linux-gnu'
build_vendor='pc'
datadir='${datarootdir}'
datarootdir='${prefix}/share'
docdir='${datarootdir}/doc/${PACKAGE_TARNAME}'
dvidir='${docdir}'
enable_backend_curses='yes'
exec_prefix='${prefix}'
host='i686-pc-linux-gnu'
host_alias=''
host_cpu='i686'
host_os='linux-gnu'
host_vendor='pc'
htmldir='${docdir}'
includedir='${prefix}/include'
infodir='${datarootdir}/info'
libdir='${exec_prefix}/lib'
libexecdir='${exec_prefix}/libexec'
localedir='${datarootdir}/locale'
localstatedir='${prefix}/var'
mandir='${datarootdir}/man'
oldincludedir='/usr/include'
pdfdir='${docdir}'
prefix='/usr/local'
program_transform_name='s,x,x,'
psdir='${docdir}'
rsdir='${exec_prefix}/lib/floater_rs'
sbindir='${exec_prefix}/sbin'
sharedstatedir='${prefix}/com'
sysconfdir='${prefix}/etc'
target='i686-pc-linux-gnu'
target_alias=''
target_cpu='i686'
target_os='linux-gnu'
target_vendor='pc'
webdir='${exec_prefix}/lib/www'
windows='no'

## ----------- ##
## confdefs.h. ##
## ----------- ##

#define PACKAGE_NAME "Floater"
#define PACKAGE_TARNAME "floater"
#define PACKAGE_VERSION "1.4.15"
#define PACKAGE_STRING "Floater 1.4.15"
#define PACKAGE_BUGREPORT ""
#define STDC_HEADERS 1
#define HAVE_SYS_TYPES_H 1
#define HAVE_SYS_STAT_H 1
#define HAVE_STDLIB_H 1
#define HAVE_STRING_H 1
#define HAVE_MEMORY_H 1
#define HAVE_STRINGS_H 1
#define HAVE_INTTYPES_H 1
#define HAVE_STDINT_H 1
#define HAVE_UNISTD_H 1
#define HAVE_STDLIB_H 1
#define HAVE_MALLOC_H 1
#define HAVE_STRING_H 1

configure: exit 0
